{"C:\\Users\\CarlosRB\\Desktop\\TrabajoFinal\\EntregaFinal\\Docker\\scr\\components\\Button.js": {"path":"C:\\Users\\CarlosRB\\Desktop\\TrabajoFinal\\EntregaFinal\\Docker\\scr\\components\\Button.js","statementMap":{"0":{"start":{"line":2,"column":22},"end":{"line":4,"column":1}},"1":{"start":{"line":3,"column":4},"end":{"line":3,"column":34}}},"fnMap":{"0":{"name":"(anonymous_0)","decl":{"start":{"line":2,"column":22},"end":{"line":2,"column":23}},"loc":{"start":{"line":2,"column":28},"end":{"line":4,"column":1}},"line":2}},"branchMap":{},"s":{"0":1,"1":1},"f":{"0":1},"b":{},"_coverageSchema":"1a1c01bbd47fc00a2c39e90264f33305004495a9","hash":"cc31918db91fd53b8465b3ebf0ca6137f4bc5990"}
}
